<?xml version="1.0" encoding="UTF-8"?>
<!-- Generated by org.testng.reporters.JUnitReportReporter -->
<testsuite hostname="HEWC2558" failures="0" tests="4" name="testcases.LoginTest" time="88.533" errors="0" timestamp="2023-03-27T02:00:43 ACDT" skipped="0">
  <testcase classname="testcases.LoginTest" name="LogiFailureTest" time="35.721"/>
  <system-out/>
  <testcase classname="testcases.LoginTest" name="excelTestData" time="13.528"/>
  <system-out/>
  <testcase classname="testcases.LoginTest" name="paramTest" time="17.951"/>
  <system-out/>
  <testcase classname="testcases.LoginTest" name="LoginSuccessTest" time="21.333"/>
  <system-out/>
</testsuite> <!-- testcases.LoginTest -->
