<?xml version="1.0" encoding="UTF-8"?>
<!-- Generated by org.testng.reporters.JUnitReportReporter -->
<testsuite hostname="HEWC2558" failures="0" tests="4" name="testcases.LoginTest" time="72.509" errors="0" timestamp="2023-03-12T02:22:46 ACDT" skipped="0">
  <testcase classname="testcases.LoginTest" name="excelTestData" time="13.219"/>
  <system-out/>
  <testcase classname="testcases.LoginTest" name="paramTest" time="14.179"/>
  <system-out/>
  <testcase classname="testcases.LoginTest" name="LogiFailureTest" time="29.198"/>
  <system-out/>
  <testcase classname="testcases.LoginTest" name="LoginSuccessTest" time="15.913"/>
  <system-out/>
</testsuite> <!-- testcases.LoginTest -->
