<?xml version="1.0" encoding="UTF-8"?>
<!-- Generated by org.testng.reporters.JUnitReportReporter -->
<testsuite hostname="HEWC2558" failures="0" tests="4" name="testcases.LoginTest" time="83.293" errors="0" timestamp="2023-03-15T23:17:45 ACDT" skipped="0">
  <testcase classname="testcases.LoginTest" name="excelTestData" time="15.210"/>
  <system-out/>
  <testcase classname="testcases.LoginTest" name="LoginSuccessTest" time="14.346"/>
  <system-out/>
  <testcase classname="testcases.LoginTest" name="LogiFailureTest" time="17.903"/>
  <system-out/>
  <testcase classname="testcases.LoginTest" name="paramTest" time="35.834"/>
  <system-out/>
</testsuite> <!-- testcases.LoginTest -->
